<html>
<head>
<title>TestNG:  Test</title>
<link href="../testng.css" rel="stylesheet" type="text/css" />
<link href="../my-testng.css" rel="stylesheet" type="text/css" />

<style type="text/css">
.log { display: none;} 
.stack-trace { display: none;} 
</style>
<script type="text/javascript">
<!--
function flip(e) {
  current = e.style.display;
  if (current == 'block') {
    e.style.display = 'none';
    return 0;
  }
  else {
    e.style.display = 'block';
    return 1;
  }
}

function toggleBox(szDivId, elem, msg1, msg2)
{
  var res = -1;  if (document.getElementById) {
    res = flip(document.getElementById(szDivId));
  }
  else if (document.all) {
    // this is the way old msie versions work
    res = flip(document.all[szDivId]);
  }
  if(elem) {
    if(res == 0) elem.innerHTML = msg1; else elem.innerHTML = msg2;
  }

}

function toggleAllBoxes() {
  if (document.getElementsByTagName) {
    d = document.getElementsByTagName('div');
    for (i = 0; i < d.length; i++) {
      if (d[i].className == 'log') {
        flip(d[i]);
      }
    }
  }
}

// -->
</script>

</head>
<body>
<h2 align='center'>Test</h2><table border='1' align="center">
<tr>
<td>Tests passed/Failed/Skipped:</td><td>3/0/4</td>
</tr><tr>
<td>Started on:</td><td>Mon Oct 07 22:07:05 IST 2024</td>
</tr>
<tr><td>Total time:</td><td>131 seconds (131474 ms)</td>
</tr><tr>
<td>Included groups:</td><td></td>
</tr><tr>
<td>Excluded groups:</td><td></td>
</tr>
</table><p/>
<small><i>(Hover the method name to see the test class name)</i></small><p/>
<table width='100%' border='1' class='invocation-skipped'>
<tr><td colspan='4' align='center'><b>SKIPPED CONFIGURATIONS</b></td></tr>
<tr><td><b>Test method</b></td>
<td><b>Attribute(s)</b></td>
<td width="30%"><b>Exception</b></td>
<td width="10%"><b>Time (seconds)</b></td>
<td><b>Instance</b></td>
</tr>
<tr>
<td title='com.companyname.projectname.modulename.testcases.RegisterNewUserTestDataWithDP_POM_3.getTestCaseName()'><b>getTestCaseName</b><br>Test class: com.companyname.projectname.modulename.testcases.RegisterNewUserTestDataWithDP_POM_3</td>
<td><div><pre>org.testng.SkipException: Skipping Test case as Run mode is set to No
	at com.companyname.projectname.modulename.testcases.RegisterNewUserTestDataWithDP_POM_3.getTestCaseName(RegisterNewUserTestDataWithDP_POM_3.java:17)
	at java.base/java.util.ArrayList.forEach(ArrayList.java:1541)
... Removed 29 stack frames</pre></div><a href='#' onClick='toggleBox("stack-trace828831332", this, "Click to show all stack frames", "Click to hide stack frames")'>Click to show all stack frames</a>
<div class='stack-trace' id='stack-trace828831332'><pre>org.testng.SkipException: Skipping Test case as Run mode is set to No
	at com.companyname.projectname.modulename.testcases.RegisterNewUserTestDataWithDP_POM_3.getTestCaseName(RegisterNewUserTestDataWithDP_POM_3.java:17)
	at java.base/jdk.internal.reflect.NativeMethodAccessorImpl.invoke0(Native Method)
	at java.base/jdk.internal.reflect.NativeMethodAccessorImpl.invoke(NativeMethodAccessorImpl.java:62)
	at java.base/jdk.internal.reflect.DelegatingMethodAccessorImpl.invoke(DelegatingMethodAccessorImpl.java:43)
	at java.base/java.lang.reflect.Method.invoke(Method.java:566)
	at org.testng.internal.invokers.MethodInvocationHelper.invokeMethod(MethodInvocationHelper.java:141)
	at org.testng.internal.invokers.MethodInvocationHelper.invokeMethodConsideringTimeout(MethodInvocationHelper.java:71)
	at org.testng.internal.invokers.ConfigInvoker.invokeConfigurationMethod(ConfigInvoker.java:400)
	at org.testng.internal.invokers.ConfigInvoker.invokeConfigurations(ConfigInvoker.java:333)
	at org.testng.internal.invokers.TestMethodWorker.invokeBeforeClassMethods(TestMethodWorker.java:188)
	at org.testng.internal.invokers.TestMethodWorker.run(TestMethodWorker.java:128)
	at java.base/java.util.ArrayList.forEach(ArrayList.java:1541)
	at org.testng.TestRunner.privateRun(TestRunner.java:739)
	at org.testng.TestRunner.run(TestRunner.java:614)
	at org.testng.SuiteRunner.runTest(SuiteRunner.java:421)
	at org.testng.SuiteRunner.runSequentially(SuiteRunner.java:413)
	at org.testng.SuiteRunner.privateRun(SuiteRunner.java:373)
	at org.testng.SuiteRunner.run(SuiteRunner.java:312)
	at org.testng.SuiteRunnerWorker.runSuite(SuiteRunnerWorker.java:52)
	at org.testng.SuiteRunnerWorker.run(SuiteRunnerWorker.java:95)
	at org.testng.TestNG.runSuitesSequentially(TestNG.java:1274)
	at org.testng.TestNG.runSuitesLocally(TestNG.java:1208)
	at org.testng.TestNG.runSuites(TestNG.java:1112)
	at org.testng.TestNG.run(TestNG.java:1079)
	at org.apache.maven.surefire.testng.TestNGExecutor.run(TestNGExecutor.java:308)
	at org.apache.maven.surefire.testng.TestNGXmlTestSuite.execute(TestNGXmlTestSuite.java:71)
	at org.apache.maven.surefire.testng.TestNGProvider.invoke(TestNGProvider.java:113)
	at org.apache.maven.surefire.booter.ForkedBooter.runSuitesInProcess(ForkedBooter.java:385)
	at org.apache.maven.surefire.booter.ForkedBooter.execute(ForkedBooter.java:162)
	at org.apache.maven.surefire.booter.ForkedBooter.run(ForkedBooter.java:507)
	at org.apache.maven.surefire.booter.ForkedBooter.main(ForkedBooter.java:495)
</pre></div></td>
<td>0</td>
<td>com.companyname.projectname.modulename.testcases.RegisterNewUserTestDataWithDP_POM_3@909217e</td></tr>
<tr>
<td title='com.companyname.projectname.modulename.testcases.RegisterNewUserTestDataWithDP_POM.getTestCaseName()'><b>getTestCaseName</b><br>Test class: com.companyname.projectname.modulename.testcases.RegisterNewUserTestDataWithDP_POM</td>
<td><div><pre>org.testng.SkipException: Skipping Test case as Run mode is set to No
	at com.companyname.projectname.modulename.testcases.RegisterNewUserTestDataWithDP_POM.getTestCaseName(RegisterNewUserTestDataWithDP_POM.java:18)
	at java.base/java.util.ArrayList.forEach(ArrayList.java:1541)
... Removed 29 stack frames</pre></div><a href='#' onClick='toggleBox("stack-trace1406221524", this, "Click to show all stack frames", "Click to hide stack frames")'>Click to show all stack frames</a>
<div class='stack-trace' id='stack-trace1406221524'><pre>org.testng.SkipException: Skipping Test case as Run mode is set to No
	at com.companyname.projectname.modulename.testcases.RegisterNewUserTestDataWithDP_POM.getTestCaseName(RegisterNewUserTestDataWithDP_POM.java:18)
	at java.base/jdk.internal.reflect.NativeMethodAccessorImpl.invoke0(Native Method)
	at java.base/jdk.internal.reflect.NativeMethodAccessorImpl.invoke(NativeMethodAccessorImpl.java:62)
	at java.base/jdk.internal.reflect.DelegatingMethodAccessorImpl.invoke(DelegatingMethodAccessorImpl.java:43)
	at java.base/java.lang.reflect.Method.invoke(Method.java:566)
	at org.testng.internal.invokers.MethodInvocationHelper.invokeMethod(MethodInvocationHelper.java:141)
	at org.testng.internal.invokers.MethodInvocationHelper.invokeMethodConsideringTimeout(MethodInvocationHelper.java:71)
	at org.testng.internal.invokers.ConfigInvoker.invokeConfigurationMethod(ConfigInvoker.java:400)
	at org.testng.internal.invokers.ConfigInvoker.invokeConfigurations(ConfigInvoker.java:333)
	at org.testng.internal.invokers.TestMethodWorker.invokeBeforeClassMethods(TestMethodWorker.java:188)
	at org.testng.internal.invokers.TestMethodWorker.run(TestMethodWorker.java:128)
	at java.base/java.util.ArrayList.forEach(ArrayList.java:1541)
	at org.testng.TestRunner.privateRun(TestRunner.java:739)
	at org.testng.TestRunner.run(TestRunner.java:614)
	at org.testng.SuiteRunner.runTest(SuiteRunner.java:421)
	at org.testng.SuiteRunner.runSequentially(SuiteRunner.java:413)
	at org.testng.SuiteRunner.privateRun(SuiteRunner.java:373)
	at org.testng.SuiteRunner.run(SuiteRunner.java:312)
	at org.testng.SuiteRunnerWorker.runSuite(SuiteRunnerWorker.java:52)
	at org.testng.SuiteRunnerWorker.run(SuiteRunnerWorker.java:95)
	at org.testng.TestNG.runSuitesSequentially(TestNG.java:1274)
	at org.testng.TestNG.runSuitesLocally(TestNG.java:1208)
	at org.testng.TestNG.runSuites(TestNG.java:1112)
	at org.testng.TestNG.run(TestNG.java:1079)
	at org.apache.maven.surefire.testng.TestNGExecutor.run(TestNGExecutor.java:308)
	at org.apache.maven.surefire.testng.TestNGXmlTestSuite.execute(TestNGXmlTestSuite.java:71)
	at org.apache.maven.surefire.testng.TestNGProvider.invoke(TestNGProvider.java:113)
	at org.apache.maven.surefire.booter.ForkedBooter.runSuitesInProcess(ForkedBooter.java:385)
	at org.apache.maven.surefire.booter.ForkedBooter.execute(ForkedBooter.java:162)
	at org.apache.maven.surefire.booter.ForkedBooter.run(ForkedBooter.java:507)
	at org.apache.maven.surefire.booter.ForkedBooter.main(ForkedBooter.java:495)
</pre></div></td>
<td>0</td>
<td>com.companyname.projectname.modulename.testcases.RegisterNewUserTestDataWithDP_POM@72cc7e6f</td></tr>
<tr>
<td title='com.companyname.projectname.modulename.testcases.RegisterNewUserTestDataWithDP_POM_1.getTestCaseName()'><b>getTestCaseName</b><br>Test class: com.companyname.projectname.modulename.testcases.RegisterNewUserTestDataWithDP_POM_1</td>
<td><div><pre>org.testng.SkipException: Skipping Test case as Run mode is set to No
	at com.companyname.projectname.modulename.testcases.RegisterNewUserTestDataWithDP_POM_1.getTestCaseName(RegisterNewUserTestDataWithDP_POM_1.java:17)
	at java.base/java.util.ArrayList.forEach(ArrayList.java:1541)
... Removed 29 stack frames</pre></div><a href='#' onClick='toggleBox("stack-trace1130153977", this, "Click to show all stack frames", "Click to hide stack frames")'>Click to show all stack frames</a>
<div class='stack-trace' id='stack-trace1130153977'><pre>org.testng.SkipException: Skipping Test case as Run mode is set to No
	at com.companyname.projectname.modulename.testcases.RegisterNewUserTestDataWithDP_POM_1.getTestCaseName(RegisterNewUserTestDataWithDP_POM_1.java:17)
	at java.base/jdk.internal.reflect.NativeMethodAccessorImpl.invoke0(Native Method)
	at java.base/jdk.internal.reflect.NativeMethodAccessorImpl.invoke(NativeMethodAccessorImpl.java:62)
	at java.base/jdk.internal.reflect.DelegatingMethodAccessorImpl.invoke(DelegatingMethodAccessorImpl.java:43)
	at java.base/java.lang.reflect.Method.invoke(Method.java:566)
	at org.testng.internal.invokers.MethodInvocationHelper.invokeMethod(MethodInvocationHelper.java:141)
	at org.testng.internal.invokers.MethodInvocationHelper.invokeMethodConsideringTimeout(MethodInvocationHelper.java:71)
	at org.testng.internal.invokers.ConfigInvoker.invokeConfigurationMethod(ConfigInvoker.java:400)
	at org.testng.internal.invokers.ConfigInvoker.invokeConfigurations(ConfigInvoker.java:333)
	at org.testng.internal.invokers.TestMethodWorker.invokeBeforeClassMethods(TestMethodWorker.java:188)
	at org.testng.internal.invokers.TestMethodWorker.run(TestMethodWorker.java:128)
	at java.base/java.util.ArrayList.forEach(ArrayList.java:1541)
	at org.testng.TestRunner.privateRun(TestRunner.java:739)
	at org.testng.TestRunner.run(TestRunner.java:614)
	at org.testng.SuiteRunner.runTest(SuiteRunner.java:421)
	at org.testng.SuiteRunner.runSequentially(SuiteRunner.java:413)
	at org.testng.SuiteRunner.privateRun(SuiteRunner.java:373)
	at org.testng.SuiteRunner.run(SuiteRunner.java:312)
	at org.testng.SuiteRunnerWorker.runSuite(SuiteRunnerWorker.java:52)
	at org.testng.SuiteRunnerWorker.run(SuiteRunnerWorker.java:95)
	at org.testng.TestNG.runSuitesSequentially(TestNG.java:1274)
	at org.testng.TestNG.runSuitesLocally(TestNG.java:1208)
	at org.testng.TestNG.runSuites(TestNG.java:1112)
	at org.testng.TestNG.run(TestNG.java:1079)
	at org.apache.maven.surefire.testng.TestNGExecutor.run(TestNGExecutor.java:308)
	at org.apache.maven.surefire.testng.TestNGXmlTestSuite.execute(TestNGXmlTestSuite.java:71)
	at org.apache.maven.surefire.testng.TestNGProvider.invoke(TestNGProvider.java:113)
	at org.apache.maven.surefire.booter.ForkedBooter.runSuitesInProcess(ForkedBooter.java:385)
	at org.apache.maven.surefire.booter.ForkedBooter.execute(ForkedBooter.java:162)
	at org.apache.maven.surefire.booter.ForkedBooter.run(ForkedBooter.java:507)
	at org.apache.maven.surefire.booter.ForkedBooter.main(ForkedBooter.java:495)
</pre></div></td>
<td>0</td>
<td>com.companyname.projectname.modulename.testcases.RegisterNewUserTestDataWithDP_POM_1@5afa3c9</td></tr>
<tr>
<td title='com.companyname.projectname.modulename.testcases.RegisterNewUserTestDataWithDP_POM_4.getTestCaseName()'><b>getTestCaseName</b><br>Test class: com.companyname.projectname.modulename.testcases.RegisterNewUserTestDataWithDP_POM_4</td>
<td><div><pre>org.testng.SkipException: Skipping Test case as Run mode is set to No
	at com.companyname.projectname.modulename.testcases.RegisterNewUserTestDataWithDP_POM_4.getTestCaseName(RegisterNewUserTestDataWithDP_POM_4.java:17)
	at java.base/java.util.ArrayList.forEach(ArrayList.java:1541)
... Removed 29 stack frames</pre></div><a href='#' onClick='toggleBox("stack-trace1151370725", this, "Click to show all stack frames", "Click to hide stack frames")'>Click to show all stack frames</a>
<div class='stack-trace' id='stack-trace1151370725'><pre>org.testng.SkipException: Skipping Test case as Run mode is set to No
	at com.companyname.projectname.modulename.testcases.RegisterNewUserTestDataWithDP_POM_4.getTestCaseName(RegisterNewUserTestDataWithDP_POM_4.java:17)
	at java.base/jdk.internal.reflect.NativeMethodAccessorImpl.invoke0(Native Method)
	at java.base/jdk.internal.reflect.NativeMethodAccessorImpl.invoke(NativeMethodAccessorImpl.java:62)
	at java.base/jdk.internal.reflect.DelegatingMethodAccessorImpl.invoke(DelegatingMethodAccessorImpl.java:43)
	at java.base/java.lang.reflect.Method.invoke(Method.java:566)
	at org.testng.internal.invokers.MethodInvocationHelper.invokeMethod(MethodInvocationHelper.java:141)
	at org.testng.internal.invokers.MethodInvocationHelper.invokeMethodConsideringTimeout(MethodInvocationHelper.java:71)
	at org.testng.internal.invokers.ConfigInvoker.invokeConfigurationMethod(ConfigInvoker.java:400)
	at org.testng.internal.invokers.ConfigInvoker.invokeConfigurations(ConfigInvoker.java:333)
	at org.testng.internal.invokers.TestMethodWorker.invokeBeforeClassMethods(TestMethodWorker.java:188)
	at org.testng.internal.invokers.TestMethodWorker.run(TestMethodWorker.java:128)
	at java.base/java.util.ArrayList.forEach(ArrayList.java:1541)
	at org.testng.TestRunner.privateRun(TestRunner.java:739)
	at org.testng.TestRunner.run(TestRunner.java:614)
	at org.testng.SuiteRunner.runTest(SuiteRunner.java:421)
	at org.testng.SuiteRunner.runSequentially(SuiteRunner.java:413)
	at org.testng.SuiteRunner.privateRun(SuiteRunner.java:373)
	at org.testng.SuiteRunner.run(SuiteRunner.java:312)
	at org.testng.SuiteRunnerWorker.runSuite(SuiteRunnerWorker.java:52)
	at org.testng.SuiteRunnerWorker.run(SuiteRunnerWorker.java:95)
	at org.testng.TestNG.runSuitesSequentially(TestNG.java:1274)
	at org.testng.TestNG.runSuitesLocally(TestNG.java:1208)
	at org.testng.TestNG.runSuites(TestNG.java:1112)
	at org.testng.TestNG.run(TestNG.java:1079)
	at org.apache.maven.surefire.testng.TestNGExecutor.run(TestNGExecutor.java:308)
	at org.apache.maven.surefire.testng.TestNGXmlTestSuite.execute(TestNGXmlTestSuite.java:71)
	at org.apache.maven.surefire.testng.TestNGProvider.invoke(TestNGProvider.java:113)
	at org.apache.maven.surefire.booter.ForkedBooter.runSuitesInProcess(ForkedBooter.java:385)
	at org.apache.maven.surefire.booter.ForkedBooter.execute(ForkedBooter.java:162)
	at org.apache.maven.surefire.booter.ForkedBooter.run(ForkedBooter.java:507)
	at org.apache.maven.surefire.booter.ForkedBooter.main(ForkedBooter.java:495)
</pre></div></td>
<td>0</td>
<td>com.companyname.projectname.modulename.testcases.RegisterNewUserTestDataWithDP_POM_4@18271936</td></tr>
<tr>
<td title='com.companyname.projectname.modulename.testcases.RegisterNewUserTestDataWithDP_POM_3.launchBrowser()'><b>launchBrowser</b><br>Test class: com.companyname.projectname.modulename.testcases.RegisterNewUserTestDataWithDP_POM_3</td>
<td></td>
<td>0</td>
<td>com.companyname.projectname.modulename.testcases.RegisterNewUserTestDataWithDP_POM_3@909217e</td></tr>
<tr>
<td title='com.companyname.projectname.modulename.testcases.RegisterNewUserTestDataWithDP_POM_4.launchBrowser()'><b>launchBrowser</b><br>Test class: com.companyname.projectname.modulename.testcases.RegisterNewUserTestDataWithDP_POM_4</td>
<td></td>
<td>0</td>
<td>com.companyname.projectname.modulename.testcases.RegisterNewUserTestDataWithDP_POM_4@18271936</td></tr>
<tr>
<td title='com.companyname.projectname.modulename.testcases.RegisterNewUserTestDataWithDP_POM_1.launchBrowser()'><b>launchBrowser</b><br>Test class: com.companyname.projectname.modulename.testcases.RegisterNewUserTestDataWithDP_POM_1</td>
<td></td>
<td>0</td>
<td>com.companyname.projectname.modulename.testcases.RegisterNewUserTestDataWithDP_POM_1@5afa3c9</td></tr>
<tr>
<td title='com.companyname.projectname.modulename.testcases.RegisterNewUserTestDataWithDP_POM.launchBrowser()'><b>launchBrowser</b><br>Test class: com.companyname.projectname.modulename.testcases.RegisterNewUserTestDataWithDP_POM</td>
<td></td>
<td>0</td>
<td>com.companyname.projectname.modulename.testcases.RegisterNewUserTestDataWithDP_POM@72cc7e6f</td></tr>
</table><p>
<table width='100%' border='1' class='invocation-passed'>
<tr><td colspan='4' align='center'><b>PASSED TESTS</b></td></tr>
<tr><td><b>Test method</b></td>
<td><b>Attribute(s)</b></td>
<td width="30%"><b>Exception</b></td>
<td width="10%"><b>Time (seconds)</b></td>
<td><b>Instance</b></td>
</tr>
<tr>
<td title='com.companyname.projectname.modulename.testcases.RegisterNewUserTestDataWithDP_POM_2.registerNewUserTestDataWithDP_POM_2()'><b>registerNewUserTestDataWithDP_POM_2</b><br>Test class: com.companyname.projectname.modulename.testcases.RegisterNewUserTestDataWithDP_POM_2<br>Parameters: {Home_Page_Text=New User Signup!, Accnt_Info_Page_Text=ENTER ACCOUNT INFORMATION, Pin_Code=43524334, Last_Name=Sunil_LastName, Address=Sunil_Address, DOB_Year=1998, DOB_Month=August, Mobile_no=33242427893456, City=HYD, DOB_Days=17, First_Name=Sunil, Page_Title=Automation Exercise, Email_Address=Sunil_test@gmail.com}</td>
<td></td>
<td>9</td>
<td>com.companyname.projectname.modulename.testcases.RegisterNewUserTestDataWithDP_POM_2@72035809</td></tr>
<tr>
<td title='com.companyname.projectname.modulename.testcases.RegisterNewUserTestDataWithDP_POM_5.registerNewUserTestDataWithDP_POM_5()'><b>registerNewUserTestDataWithDP_POM_5</b><br>Test class: com.companyname.projectname.modulename.testcases.RegisterNewUserTestDataWithDP_POM_5<br>Parameters: {Home_Page_Text=New User Signup!, Accnt_Info_Page_Text=ENTER ACCOUNT INFORMATION, Pin_Code=435234, Last_Name=Concept, Address=Shweta_Address, DOB_Year=1995, DOB_Month=May, Mobile_no=34567893456, City=Pune, DOB_Days=14, First_Name=GitHub, Page_Title=Automation Exercise, Email_Address=Shweta_test@gmail.com}</td>
<td></td>
<td>12</td>
<td>com.companyname.projectname.modulename.testcases.RegisterNewUserTestDataWithDP_POM_5@606e4010</td></tr>
<tr>
<td title='com.companyname.projectname.modulename.testcases.RegisterNewUserTestDataWithDP.registerNewUserTestDataWithDP()'><b>registerNewUserTestDataWithDP</b><br>Test class: com.companyname.projectname.modulename.testcases.RegisterNewUserTestDataWithDP<br>Parameters: {Home_Page_Text=New User Signup!, Accnt_Info_Page_Text=ENTER ACCOUNT INFORMATION, Pin_Code=435234, Last_Name=Shweta_LastName, Address=Shweta_Address, DOB_Year=1995, DOB_Month=May, Mobile_no=34567893456, City=Pune, DOB_Days=14, First_Name=Shweta, Page_Title=Automation Exercise, Email_Address=Shweta_test@gmail.com}</td>
<td></td>
<td>9</td>
<td>com.companyname.projectname.modulename.testcases.RegisterNewUserTestDataWithDP@8519cb4</td></tr>
</table><p>
<table width='100%' border='1' class='invocation-skipped'>
<tr><td colspan='4' align='center'><b>SKIPPED TESTS</b></td></tr>
<tr><td><b>Test method</b></td>
<td><b>Attribute(s)</b></td>
<td width="30%"><b>Exception</b></td>
<td width="10%"><b>Time (seconds)</b></td>
<td><b>Instance</b></td>
</tr>
<tr>
<td title='com.companyname.projectname.modulename.testcases.RegisterNewUserTestDataWithDP_POM_4.registerNewUserTestDataWithDP_POM_4()'><b>registerNewUserTestDataWithDP_POM_4</b><br>Test class: com.companyname.projectname.modulename.testcases.RegisterNewUserTestDataWithDP_POM_4<br>Parameters: {Home_Page_Text=New User Signup!, Accnt_Info_Page_Text=ENTER ACCOUNT INFORMATION, Pin_Code=435234, Last_Name=Shweta_LastName, Address=Shweta_Address, DOB_Year=1995, DOB_Month=May, Mobile_no=34567893456, City=Pune, DOB_Days=14, First_Name=Shweta, Page_Title=Automation Exercise, Email_Address=Shweta_test@gmail.com}</td>
<td><div><pre>org.testng.SkipException: Skipping Test case as Run mode is set to No
	at com.companyname.projectname.modulename.testcases.RegisterNewUserTestDataWithDP_POM_4.getTestCaseName(RegisterNewUserTestDataWithDP_POM_4.java:17)
	at java.base/java.util.ArrayList.forEach(ArrayList.java:1541)
... Removed 29 stack frames</pre></div><a href='#' onClick='toggleBox("stack-trace1303773766", this, "Click to show all stack frames", "Click to hide stack frames")'>Click to show all stack frames</a>
<div class='stack-trace' id='stack-trace1303773766'><pre>org.testng.SkipException: Skipping Test case as Run mode is set to No
	at com.companyname.projectname.modulename.testcases.RegisterNewUserTestDataWithDP_POM_4.getTestCaseName(RegisterNewUserTestDataWithDP_POM_4.java:17)
	at java.base/jdk.internal.reflect.NativeMethodAccessorImpl.invoke0(Native Method)
	at java.base/jdk.internal.reflect.NativeMethodAccessorImpl.invoke(NativeMethodAccessorImpl.java:62)
	at java.base/jdk.internal.reflect.DelegatingMethodAccessorImpl.invoke(DelegatingMethodAccessorImpl.java:43)
	at java.base/java.lang.reflect.Method.invoke(Method.java:566)
	at org.testng.internal.invokers.MethodInvocationHelper.invokeMethod(MethodInvocationHelper.java:141)
	at org.testng.internal.invokers.MethodInvocationHelper.invokeMethodConsideringTimeout(MethodInvocationHelper.java:71)
	at org.testng.internal.invokers.ConfigInvoker.invokeConfigurationMethod(ConfigInvoker.java:400)
	at org.testng.internal.invokers.ConfigInvoker.invokeConfigurations(ConfigInvoker.java:333)
	at org.testng.internal.invokers.TestMethodWorker.invokeBeforeClassMethods(TestMethodWorker.java:188)
	at org.testng.internal.invokers.TestMethodWorker.run(TestMethodWorker.java:128)
	at java.base/java.util.ArrayList.forEach(ArrayList.java:1541)
	at org.testng.TestRunner.privateRun(TestRunner.java:739)
	at org.testng.TestRunner.run(TestRunner.java:614)
	at org.testng.SuiteRunner.runTest(SuiteRunner.java:421)
	at org.testng.SuiteRunner.runSequentially(SuiteRunner.java:413)
	at org.testng.SuiteRunner.privateRun(SuiteRunner.java:373)
	at org.testng.SuiteRunner.run(SuiteRunner.java:312)
	at org.testng.SuiteRunnerWorker.runSuite(SuiteRunnerWorker.java:52)
	at org.testng.SuiteRunnerWorker.run(SuiteRunnerWorker.java:95)
	at org.testng.TestNG.runSuitesSequentially(TestNG.java:1274)
	at org.testng.TestNG.runSuitesLocally(TestNG.java:1208)
	at org.testng.TestNG.runSuites(TestNG.java:1112)
	at org.testng.TestNG.run(TestNG.java:1079)
	at org.apache.maven.surefire.testng.TestNGExecutor.run(TestNGExecutor.java:308)
	at org.apache.maven.surefire.testng.TestNGXmlTestSuite.execute(TestNGXmlTestSuite.java:71)
	at org.apache.maven.surefire.testng.TestNGProvider.invoke(TestNGProvider.java:113)
	at org.apache.maven.surefire.booter.ForkedBooter.runSuitesInProcess(ForkedBooter.java:385)
	at org.apache.maven.surefire.booter.ForkedBooter.execute(ForkedBooter.java:162)
	at org.apache.maven.surefire.booter.ForkedBooter.run(ForkedBooter.java:507)
	at org.apache.maven.surefire.booter.ForkedBooter.main(ForkedBooter.java:495)
</pre></div></td>
<td>0</td>
<td>com.companyname.projectname.modulename.testcases.RegisterNewUserTestDataWithDP_POM_4@18271936</td></tr>
<tr>
<td title='com.companyname.projectname.modulename.testcases.RegisterNewUserTestDataWithDP_POM.registerNewUserTestDataWithDP_POM()'><b>registerNewUserTestDataWithDP_POM</b><br>Test class: com.companyname.projectname.modulename.testcases.RegisterNewUserTestDataWithDP_POM<br>Parameters: {Home_Page_Text=New User Signup!, Accnt_Info_Page_Text=ENTER ACCOUNT INFORMATION, Pin_Code=43524334, Last_Name=Deepika_LastName, Address=Deepika_Address, DOB_Year=1996, DOB_Month=June, Mobile_no=33242427893456, City=Mumbai, DOB_Days=15, First_Name=Deepika, Page_Title=Automation Exercise, Email_Address=Deepika_test@gmail.com}</td>
<td><div><pre>org.testng.SkipException: Skipping Test case as Run mode is set to No
	at com.companyname.projectname.modulename.testcases.RegisterNewUserTestDataWithDP_POM.getTestCaseName(RegisterNewUserTestDataWithDP_POM.java:18)
	at java.base/java.util.ArrayList.forEach(ArrayList.java:1541)
... Removed 29 stack frames</pre></div><a href='#' onClick='toggleBox("stack-trace1313459755", this, "Click to show all stack frames", "Click to hide stack frames")'>Click to show all stack frames</a>
<div class='stack-trace' id='stack-trace1313459755'><pre>org.testng.SkipException: Skipping Test case as Run mode is set to No
	at com.companyname.projectname.modulename.testcases.RegisterNewUserTestDataWithDP_POM.getTestCaseName(RegisterNewUserTestDataWithDP_POM.java:18)
	at java.base/jdk.internal.reflect.NativeMethodAccessorImpl.invoke0(Native Method)
	at java.base/jdk.internal.reflect.NativeMethodAccessorImpl.invoke(NativeMethodAccessorImpl.java:62)
	at java.base/jdk.internal.reflect.DelegatingMethodAccessorImpl.invoke(DelegatingMethodAccessorImpl.java:43)
	at java.base/java.lang.reflect.Method.invoke(Method.java:566)
	at org.testng.internal.invokers.MethodInvocationHelper.invokeMethod(MethodInvocationHelper.java:141)
	at org.testng.internal.invokers.MethodInvocationHelper.invokeMethodConsideringTimeout(MethodInvocationHelper.java:71)
	at org.testng.internal.invokers.ConfigInvoker.invokeConfigurationMethod(ConfigInvoker.java:400)
	at org.testng.internal.invokers.ConfigInvoker.invokeConfigurations(ConfigInvoker.java:333)
	at org.testng.internal.invokers.TestMethodWorker.invokeBeforeClassMethods(TestMethodWorker.java:188)
	at org.testng.internal.invokers.TestMethodWorker.run(TestMethodWorker.java:128)
	at java.base/java.util.ArrayList.forEach(ArrayList.java:1541)
	at org.testng.TestRunner.privateRun(TestRunner.java:739)
	at org.testng.TestRunner.run(TestRunner.java:614)
	at org.testng.SuiteRunner.runTest(SuiteRunner.java:421)
	at org.testng.SuiteRunner.runSequentially(SuiteRunner.java:413)
	at org.testng.SuiteRunner.privateRun(SuiteRunner.java:373)
	at org.testng.SuiteRunner.run(SuiteRunner.java:312)
	at org.testng.SuiteRunnerWorker.runSuite(SuiteRunnerWorker.java:52)
	at org.testng.SuiteRunnerWorker.run(SuiteRunnerWorker.java:95)
	at org.testng.TestNG.runSuitesSequentially(TestNG.java:1274)
	at org.testng.TestNG.runSuitesLocally(TestNG.java:1208)
	at org.testng.TestNG.runSuites(TestNG.java:1112)
	at org.testng.TestNG.run(TestNG.java:1079)
	at org.apache.maven.surefire.testng.TestNGExecutor.run(TestNGExecutor.java:308)
	at org.apache.maven.surefire.testng.TestNGXmlTestSuite.execute(TestNGXmlTestSuite.java:71)
	at org.apache.maven.surefire.testng.TestNGProvider.invoke(TestNGProvider.java:113)
	at org.apache.maven.surefire.booter.ForkedBooter.runSuitesInProcess(ForkedBooter.java:385)
	at org.apache.maven.surefire.booter.ForkedBooter.execute(ForkedBooter.java:162)
	at org.apache.maven.surefire.booter.ForkedBooter.run(ForkedBooter.java:507)
	at org.apache.maven.surefire.booter.ForkedBooter.main(ForkedBooter.java:495)
</pre></div></td>
<td>0</td>
<td>com.companyname.projectname.modulename.testcases.RegisterNewUserTestDataWithDP_POM@72cc7e6f</td></tr>
<tr>
<td title='com.companyname.projectname.modulename.testcases.RegisterNewUserTestDataWithDP_POM_3.registerNewUserTestDataWithDP_POM_3()'><b>registerNewUserTestDataWithDP_POM_3</b><br>Test class: com.companyname.projectname.modulename.testcases.RegisterNewUserTestDataWithDP_POM_3<br>Parameters: {Home_Page_Text=New User Signup!, Accnt_Info_Page_Text=ENTER ACCOUNT INFORMATION, Pin_Code=43524334, Last_Name=Akshay_Last_Name, Address=Akshay_Address, DOB_Year=1999, DOB_Month=September, Mobile_no=5345354353, City=HYD, DOB_Days=18, First_Name=Akshay, Page_Title=Automation Exercise, Email_Address=Akshay_test@gmail.com}</td>
<td><div><pre>org.testng.SkipException: Skipping Test case as Run mode is set to No
	at com.companyname.projectname.modulename.testcases.RegisterNewUserTestDataWithDP_POM_3.getTestCaseName(RegisterNewUserTestDataWithDP_POM_3.java:17)
	at java.base/java.util.ArrayList.forEach(ArrayList.java:1541)
... Removed 29 stack frames</pre></div><a href='#' onClick='toggleBox("stack-trace1624702420", this, "Click to show all stack frames", "Click to hide stack frames")'>Click to show all stack frames</a>
<div class='stack-trace' id='stack-trace1624702420'><pre>org.testng.SkipException: Skipping Test case as Run mode is set to No
	at com.companyname.projectname.modulename.testcases.RegisterNewUserTestDataWithDP_POM_3.getTestCaseName(RegisterNewUserTestDataWithDP_POM_3.java:17)
	at java.base/jdk.internal.reflect.NativeMethodAccessorImpl.invoke0(Native Method)
	at java.base/jdk.internal.reflect.NativeMethodAccessorImpl.invoke(NativeMethodAccessorImpl.java:62)
	at java.base/jdk.internal.reflect.DelegatingMethodAccessorImpl.invoke(DelegatingMethodAccessorImpl.java:43)
	at java.base/java.lang.reflect.Method.invoke(Method.java:566)
	at org.testng.internal.invokers.MethodInvocationHelper.invokeMethod(MethodInvocationHelper.java:141)
	at org.testng.internal.invokers.MethodInvocationHelper.invokeMethodConsideringTimeout(MethodInvocationHelper.java:71)
	at org.testng.internal.invokers.ConfigInvoker.invokeConfigurationMethod(ConfigInvoker.java:400)
	at org.testng.internal.invokers.ConfigInvoker.invokeConfigurations(ConfigInvoker.java:333)
	at org.testng.internal.invokers.TestMethodWorker.invokeBeforeClassMethods(TestMethodWorker.java:188)
	at org.testng.internal.invokers.TestMethodWorker.run(TestMethodWorker.java:128)
	at java.base/java.util.ArrayList.forEach(ArrayList.java:1541)
	at org.testng.TestRunner.privateRun(TestRunner.java:739)
	at org.testng.TestRunner.run(TestRunner.java:614)
	at org.testng.SuiteRunner.runTest(SuiteRunner.java:421)
	at org.testng.SuiteRunner.runSequentially(SuiteRunner.java:413)
	at org.testng.SuiteRunner.privateRun(SuiteRunner.java:373)
	at org.testng.SuiteRunner.run(SuiteRunner.java:312)
	at org.testng.SuiteRunnerWorker.runSuite(SuiteRunnerWorker.java:52)
	at org.testng.SuiteRunnerWorker.run(SuiteRunnerWorker.java:95)
	at org.testng.TestNG.runSuitesSequentially(TestNG.java:1274)
	at org.testng.TestNG.runSuitesLocally(TestNG.java:1208)
	at org.testng.TestNG.runSuites(TestNG.java:1112)
	at org.testng.TestNG.run(TestNG.java:1079)
	at org.apache.maven.surefire.testng.TestNGExecutor.run(TestNGExecutor.java:308)
	at org.apache.maven.surefire.testng.TestNGXmlTestSuite.execute(TestNGXmlTestSuite.java:71)
	at org.apache.maven.surefire.testng.TestNGProvider.invoke(TestNGProvider.java:113)
	at org.apache.maven.surefire.booter.ForkedBooter.runSuitesInProcess(ForkedBooter.java:385)
	at org.apache.maven.surefire.booter.ForkedBooter.execute(ForkedBooter.java:162)
	at org.apache.maven.surefire.booter.ForkedBooter.run(ForkedBooter.java:507)
	at org.apache.maven.surefire.booter.ForkedBooter.main(ForkedBooter.java:495)
</pre></div></td>
<td>0</td>
<td>com.companyname.projectname.modulename.testcases.RegisterNewUserTestDataWithDP_POM_3@909217e</td></tr>
<tr>
<td title='com.companyname.projectname.modulename.testcases.RegisterNewUserTestDataWithDP_POM_1.registerNewUserTestDataWithDP_POM_1()'><b>registerNewUserTestDataWithDP_POM_1</b><br>Test class: com.companyname.projectname.modulename.testcases.RegisterNewUserTestDataWithDP_POM_1<br>Parameters: {Home_Page_Text=New User Signup!, Accnt_Info_Page_Text=ENTER ACCOUNT INFORMATION, Pin_Code=4352453434, Last_Name=Pramod_LastName, Address=Pramod_Address, DOB_Year=1997, DOB_Month=July, Mobile_no=3453343, City=Pune, DOB_Days=16, First_Name=Pramod, Page_Title=Automation Exercise, Email_Address=Pramod_test@gmail.com}</td>
<td><div><pre>org.testng.SkipException: Skipping Test case as Run mode is set to No
	at com.companyname.projectname.modulename.testcases.RegisterNewUserTestDataWithDP_POM_1.getTestCaseName(RegisterNewUserTestDataWithDP_POM_1.java:17)
	at java.base/java.util.ArrayList.forEach(ArrayList.java:1541)
... Removed 29 stack frames</pre></div><a href='#' onClick='toggleBox("stack-trace461001437", this, "Click to show all stack frames", "Click to hide stack frames")'>Click to show all stack frames</a>
<div class='stack-trace' id='stack-trace461001437'><pre>org.testng.SkipException: Skipping Test case as Run mode is set to No
	at com.companyname.projectname.modulename.testcases.RegisterNewUserTestDataWithDP_POM_1.getTestCaseName(RegisterNewUserTestDataWithDP_POM_1.java:17)
	at java.base/jdk.internal.reflect.NativeMethodAccessorImpl.invoke0(Native Method)
	at java.base/jdk.internal.reflect.NativeMethodAccessorImpl.invoke(NativeMethodAccessorImpl.java:62)
	at java.base/jdk.internal.reflect.DelegatingMethodAccessorImpl.invoke(DelegatingMethodAccessorImpl.java:43)
	at java.base/java.lang.reflect.Method.invoke(Method.java:566)
	at org.testng.internal.invokers.MethodInvocationHelper.invokeMethod(MethodInvocationHelper.java:141)
	at org.testng.internal.invokers.MethodInvocationHelper.invokeMethodConsideringTimeout(MethodInvocationHelper.java:71)
	at org.testng.internal.invokers.ConfigInvoker.invokeConfigurationMethod(ConfigInvoker.java:400)
	at org.testng.internal.invokers.ConfigInvoker.invokeConfigurations(ConfigInvoker.java:333)
	at org.testng.internal.invokers.TestMethodWorker.invokeBeforeClassMethods(TestMethodWorker.java:188)
	at org.testng.internal.invokers.TestMethodWorker.run(TestMethodWorker.java:128)
	at java.base/java.util.ArrayList.forEach(ArrayList.java:1541)
	at org.testng.TestRunner.privateRun(TestRunner.java:739)
	at org.testng.TestRunner.run(TestRunner.java:614)
	at org.testng.SuiteRunner.runTest(SuiteRunner.java:421)
	at org.testng.SuiteRunner.runSequentially(SuiteRunner.java:413)
	at org.testng.SuiteRunner.privateRun(SuiteRunner.java:373)
	at org.testng.SuiteRunner.run(SuiteRunner.java:312)
	at org.testng.SuiteRunnerWorker.runSuite(SuiteRunnerWorker.java:52)
	at org.testng.SuiteRunnerWorker.run(SuiteRunnerWorker.java:95)
	at org.testng.TestNG.runSuitesSequentially(TestNG.java:1274)
	at org.testng.TestNG.runSuitesLocally(TestNG.java:1208)
	at org.testng.TestNG.runSuites(TestNG.java:1112)
	at org.testng.TestNG.run(TestNG.java:1079)
	at org.apache.maven.surefire.testng.TestNGExecutor.run(TestNGExecutor.java:308)
	at org.apache.maven.surefire.testng.TestNGXmlTestSuite.execute(TestNGXmlTestSuite.java:71)
	at org.apache.maven.surefire.testng.TestNGProvider.invoke(TestNGProvider.java:113)
	at org.apache.maven.surefire.booter.ForkedBooter.runSuitesInProcess(ForkedBooter.java:385)
	at org.apache.maven.surefire.booter.ForkedBooter.execute(ForkedBooter.java:162)
	at org.apache.maven.surefire.booter.ForkedBooter.run(ForkedBooter.java:507)
	at org.apache.maven.surefire.booter.ForkedBooter.main(ForkedBooter.java:495)
</pre></div></td>
<td>0</td>
<td>com.companyname.projectname.modulename.testcases.RegisterNewUserTestDataWithDP_POM_1@5afa3c9</td></tr>
</table><p>
</body>
</html>